MobileSafe660/proguard/seeds.txt
com.project.mobilesafe660.R$anim: int anim_in
com.project.mobilesafe660.R$anim: int anim_out
com.project.mobilesafe660.R$anim: int anim_previous_in
com.project.mobilesafe660.R$anim: int anim_previous_out
com.project.mobilesafe660.R$anim: int cycle_7
com.project.mobilesafe660.R$anim: int shake
com.project.mobilesafe660.R$attr: int desc_off
com.project.mobilesafe660.R$attr: int desc_on
com.project.mobilesafe660.R$attr: int title
com.project.mobilesafe660.R$dimen: int activity_horizontal_margin
com.project.mobilesafe660.R$dimen: int activity_vertical_margin
com.project.mobilesafe660.R$drawable: int act_scanning_03
com.project.mobilesafe660.R$drawable: int activate_state_off
com.project.mobilesafe660.R$drawable: int activate_state_on
com.project.mobilesafe660.R$drawable: int bind
com.project.mobilesafe660.R$drawable: int btn_delete_selector
com.project.mobilesafe660.R$drawable: int btn_green_normal
com.project.mobilesafe660.R$drawable: int btn_green_pressed
com.project.mobilesafe660.R$drawable: int btn_green_selector
com.project.mobilesafe660.R$drawable: int btn_light_green_selector
com.project.mobilesafe660.R$drawable: int button
com.project.mobilesafe660.R$drawable: int button_normal
com.project.mobilesafe660.R$drawable: int button_pressed
com.project.mobilesafe660.R$drawable: int call_locate_blue
com.project.mobilesafe660.R$drawable: int call_locate_gray
com.project.mobilesafe660.R$drawable: int call_locate_green
com.project.mobilesafe660.R$drawable: int call_locate_orange
com.project.mobilesafe660.R$drawable: int call_locate_white
com.project.mobilesafe660.R$drawable: int custom_progress
com.project.mobilesafe660.R$drawable: int drag
com.project.mobilesafe660.R$drawable: int function_greenbutton_normal
com.project.mobilesafe660.R$drawable: int function_greenbutton_pressed
com.project.mobilesafe660.R$drawable: int gradient_box
com.project.mobilesafe660.R$drawable: int home_apps
com.project.mobilesafe660.R$drawable: int home_callmsgsafe
com.project.mobilesafe660.R$drawable: int home_netmanager
com.project.mobilesafe660.R$id: int action_settings
com.project.mobilesafe660.R$id: int bt_active_SuperAdmin
com.project.mobilesafe660.R$id: int bt_uninstal_SuperAdmin
com.project.mobilesafe660.R$id: int btn_cancel
com.project.mobilesafe660.R$id: int btn_clear
com.project.mobilesafe660.R$id: int btn_lock
com.project.mobilesafe660.R$id: int btn_ok
com.project.mobilesafe660.R$id: int btn_start
com.project.mobilesafe660.R$id: int btn_unlock
com.project.mobilesafe660.R$id: int button1
com.project.mobilesafe660.R$id: int button2
com.project.mobilesafe660.R$id: int cb_check
com.project.mobilesafe660.R$id: int cb_outo_kill
com.project.mobilesafe660.R$id: int cb_protect
com.project.mobilesafe660.R$id: int cb_show_system
com.project.mobilesafe660.R$id: int content
com.project.mobilesafe660.R$id: int elv_list
com.project.mobilesafe660.R$id: int et_black_number
com.project.mobilesafe660.R$id: int et_lockPassword
com.project.mobilesafe660.R$id: int et_numbers
com.project.mobilesafe660.R$id: int et_phone
com.project.mobilesafe660.R$id: int et_pwd
com.project.mobilesafe660.R$id: int et_pwd_confirm
com.project.mobilesafe660.R$id: int gv_home
com.project.mobilesafe660.R$id: int handle
com.project.mobilesafe660.R$id: int imageView1
com.project.mobilesafe660.R$id: int iv_delete
com.project.mobilesafe660.R$id: int iv_drag
com.project.mobilesafe660.R$id: int iv_icon
com.project.mobilesafe660.R$id: int iv_lock
com.project.mobilesafe660.R$id: int iv_scanning
...
android.support.v4.accessibilityservice.AccessibilityServiceInfoCompatJellyBeanMr2
android.support.v4.accessibilityservice.AccessibilityServiceInfoCompatJellyBeanMr2: AccessibilityServiceInfoCompatJellyBeanMr2()
android.support.v4.accessibilityservice.AccessibilityServiceInfoCompatJellyBeanMr2: int getCapabilities(android.accessibilityservice.AccessibilityServiceInfo)
android.support.v4.app.ActionBarDrawerToggle
android.support.v4.app.ActionBarDrawerToggle: android.support.v4.app.ActionBarDrawerToggle$ActionBarDrawerToggleImpl IMPL
android.support.v4.app.ActionBarDrawerToggle: float TOGGLE_DRAWABLE_OFFSET
android.support.v4.app.ActionBarDrawerToggle: int ID_HOME
android.support.v4.app.ActionBarDrawerToggle: android.app.Activity mActivity
android.support.v4.app.ActionBarDrawerToggle: android.support.v4.app.ActionBarDrawerToggle$Delegate mActivityImpl
android.support.v4.app.ActionBarDrawerToggle: android.support.v4.widget.DrawerLayout mDrawerLayout
android.support.v4.app.ActionBarDrawerToggle: boolean mDrawerIndicatorEnabled
android.support.v4.app.ActionBarDrawerToggle: android.graphics.drawable.Drawable mThemeImage
android.support.v4.app.ActionBarDrawerToggle: android.graphics.drawable.Drawable mDrawerImage
android.support.v4.app.ActionBarDrawerToggle: android.support.v4.app.ActionBarDrawerToggle$SlideDrawable mSlider
android.support.v4.app.ActionBarDrawerToggle: int mDrawerImageResource
android.support.v4.app.ActionBarDrawerToggle: int mOpenDrawerContentDescRes
android.support.v4.app.ActionBarDrawerToggle: int mCloseDrawerContentDescRes
android.support.v4.app.ActionBarDrawerToggle: java.lang.Object mSetIndicatorInfo
android.support.v4.app.ActionBarDrawerToggle: ActionBarDrawerToggle(android.app.Activity,android.support.v4.widget.DrawerLayout,int,int,int)
android.support.v4.app.ActionBarDrawerToggle: void syncState()
android.support.v4.app.ActionBarDrawerToggle$1
android.support.v4.app.ActionBarDrawerToggle$ActionBarDrawerToggleImpl
android.support.v4.app.ActionBarDrawerToggle$ActionBarDrawerToggleImpl: android.graphics.drawable.Drawable getThemeUpIndicator(android.app.Activity)
android.support.v4.app.ActionBarDrawerToggle$ActionBarDrawerToggleImpl: java.lang.Object setActionBarUpIndicator(java.lang.Object,android.app.Activity,android.graphics.drawable.Drawable,int)
android.support.v4.app.ActionBarDrawerToggle$ActionBarDrawerToggleImpl: java.lang.Object setActionBarDescription(java.lang.Object,android.app.Activity,int)
android.support.v4.app.ActionBarDrawerToggle$ActionBarDrawerToggleImplBase
android.support.v4.app.ActionBarDrawerToggle$ActionBarDrawerToggleImplBase: ActionBarDrawerToggle$ActionBarDrawerToggleImplBase()
android.support.v4.app.ActionBarDrawerToggle$ActionBarDrawerToggleImplBase: android.graphics.drawable.Drawable getThemeUpIndicator(android.app.Activity)
android.support.v4.app.ActionBarDrawerToggle$ActionBarDrawerToggleImplBase: java.lang.Object setActionBarUpIndicator(java.lang.Object,android.app.Activity,android.graphics.drawable.Drawable,int)
android.support.v4.app.ActionBarDrawerToggle$ActionBarDrawerToggleImplBase: java.lang.Object setActionBarDescription(java.lang.Object,android.app.Activity,int)
android.support.v4.app.ActionBarDrawerToggle$ActionBarDrawerToggleImplBase: ActionBarDrawerToggle$ActionBarDrawerToggleImplBase(android.support.v4.app.ActionBarDrawerToggle$1)