MobileSafe660/proguard/mapping.txt
com.project.mobilesafe660.activity.AdressQueryActivity -> com.project.mobilesafe660.activity.AdressQueryActivity:
    android.widget.EditText etNumber -> a
    android.widget.Button btnStart -> b
    android.widget.TextView tvResult -> c
    void onCreate(android.os.Bundle) -> onCreate
    void vibratIt() -> a
    android.widget.EditText access$0(com.project.mobilesafe660.activity.AdressQueryActivity) -> a
    android.widget.TextView access$1(com.project.mobilesafe660.activity.AdressQueryActivity) -> b
com.project.mobilesafe660.activity.AdressQueryActivity$1 -> com.project.mobilesafe660.activity.a:
    com.project.mobilesafe660.activity.AdressQueryActivity this$0 -> a
    void onClick(android.view.View) -> onClick
com.project.mobilesafe660.activity.AdressQueryActivity$2 -> com.project.mobilesafe660.activity.b:
    com.project.mobilesafe660.activity.AdressQueryActivity this$0 -> a
    void onTextChanged(java.lang.CharSequence,int,int,int) -> onTextChanged
    void beforeTextChanged(java.lang.CharSequence,int,int,int) -> beforeTextChanged
    void afterTextChanged(android.text.Editable) -> afterTextChanged
com.project.mobilesafe660.activity.AdvancedToolsActivity -> com.project.mobilesafe660.activity.AdvancedToolsActivity:
    void onCreate(android.os.Bundle) -> onCreate
    void addressQuery(android.view.View) -> addressQuery
    void smsBackup(android.view.View) -> smsBackup
    void commonNumberQuery(android.view.View) -> commonNumberQuery
    void appLock(android.view.View) -> appLock
com.project.mobilesafe660.activity.AdvancedToolsActivity$1 -> com.project.mobilesafe660.activity.c:
    com.project.mobilesafe660.activity.AdvancedToolsActivity this$0 -> a
    android.app.ProgressDialog val$progressDialog -> b
    void run() -> run
com.project.mobilesafe660.activity.AdvancedToolsActivity$1$1 -> com.project.mobilesafe660.activity.d:
    com.project.mobilesafe660.activity.AdvancedToolsActivity$1 this$1 -> a
    android.app.ProgressDialog val$progressDialog -> b
    void preSmsBackup(int) -> a
    void onSmsBackup(int) -> b
com.project.mobilesafe660.activity.AntiVirusActivity -> com.project.mobilesafe660.activity.AntiVirusActivity:
    android.widget.ImageView ivScanning -> a
    android.widget.TextView tvStatus -> b
    android.widget.ProgressBar bpProgress -> c
    android.widget.LinearLayout llContainer -> d
    java.util.ArrayList mVirusList -> e
    android.os.Handler mHandler -> f
    void onCreate(android.os.Bundle) -> onCreate
    void showAlertDialog() -> a
    android.widget.TextView access$0(com.project.mobilesafe660.activity.AntiVirusActivity) -> a
    android.widget.LinearLayout access$1(com.project.mobilesafe660.activity.AntiVirusActivity) -> b
    android.widget.ImageView access$2(com.project.mobilesafe660.activity.AntiVirusActivity) -> c
    java.util.ArrayList access$3(com.project.mobilesafe660.activity.AntiVirusActivity) -> d
    android.widget.ProgressBar access$4(com.project.mobilesafe660.activity.AntiVirusActivity) -> e
    android.os.Handler access$5(com.project.mobilesafe660.activity.AntiVirusActivity) -> f
com.project.mobilesafe660.activity.AntiVirusActivity$1 -> com.project.mobilesafe660.activity.e:
    com.project.mobilesafe660.activity.AntiVirusActivity this$0 -> a
    void handleMessage(android.os.Message) -> handleMessage
com.project.mobilesafe660.activity.AntiVirusActivity$2 -> com.project.mobilesafe660.activity.f:
    com.project.mobilesafe660.activity.AntiVirusActivity this$0 -> a
    void run() -> run
com.project.mobilesafe660.activity.AntiVirusActivity$3 -> com.project.mobilesafe660.activity.g:
    com.project.mobilesafe660.activity.AntiVirusActivity this$0 -> a
    void onClick(android.content.DialogInterface,int) -> onClick
...
android.support.v4.view.accessibility.AccessibilityNodeProviderCompatKitKat$AccessibilityNodeInfoBridge -> android.support.v4.view.accessibility.AccessibilityNodeProviderCompatKitKat$AccessibilityNodeInfoBridge:
    java.lang.Object createAccessibilityNodeInfo(int) -> createAccessibilityNodeInfo
    boolean performAction(int,int,android.os.Bundle) -> performAction
    java.util.List findAccessibilityNodeInfosByText(java.lang.String,int) -> findAccessibilityNodeInfosByText
    java.lang.Object findFocus(int) -> findFocus
android.support.v4.view.accessibility.AccessibilityRecordCompat -> android.support.v4.view.accessibility.AccessibilityRecordCompat:
    android.support.v4.view.accessibility.AccessibilityRecordCompat$AccessibilityRecordImpl IMPL -> IMPL
    java.lang.Object mRecord -> mRecord
    java.lang.Object getImpl() -> getImpl
    android.support.v4.view.accessibility.AccessibilityRecordCompat obtain(android.support.v4.view.accessibility.AccessibilityRecordCompat) -> obtain
    android.support.v4.view.accessibility.AccessibilityRecordCompat obtain() -> obtain
    void setSource(android.view.View) -> setSource
    void setSource(android.view.View,int) -> setSource
    android.support.v4.view.accessibility.AccessibilityNodeInfoCompat getSource() -> getSource
    int getWindowId() -> getWindowId
    boolean isChecked() -> isChecked
    void setChecked(boolean) -> setChecked
    boolean isEnabled() -> isEnabled
    void setEnabled(boolean) -> setEnabled
    boolean isPassword() -> isPassword
    void setPassword(boolean) -> setPassword
    boolean isFullScreen() -> isFullScreen
    void setFullScreen(boolean) -> setFullScreen
    boolean isScrollable() -> isScrollable
    void setScrollable(boolean) -> setScrollable
    int getItemCount() -> getItemCount
    void setItemCount(int) -> setItemCount
    int getCurrentItemIndex() -> getCurrentItemIndex
    void setCurrentItemIndex(int) -> setCurrentItemIndex
    int getFromIndex() -> getFromIndex
android.support.v4.view.accessibility.AccessibilityRecordCompat$AccessibilityRecordIcsImpl -> android.support.v4.view.accessibility.AccessibilityRecordCompat$AccessibilityRecordIcsImpl:
    java.lang.Object obtain() -> obtain
    java.lang.Object obtain(java.lang.Object) -> obtain
    int getAddedCount(java.lang.Object) -> getAddedCount
    java.lang.CharSequence getBeforeText(java.lang.Object) -> getBeforeText
    java.lang.CharSequence getClassName(java.lang.Object) -> getClassName
    java.lang.CharSequence getContentDescription(java.lang.Object) -> getContentDescription
    int getCurrentItemIndex(java.lang.Object) -> getCurrentItemIndex
    int getFromIndex(java.lang.Object) -> getFromIndex
    int getItemCount(java.lang.Object) -> getItemCount
    android.os.Parcelable getParcelableData(java.lang.Object) -> getParcelableData
    int getRemovedCount(java.lang.Object) -> getRemovedCount
    int getScrollX(java.lang.Object) -> getScrollX
    int getScrollY(java.lang.Object) -> getScrollY
    android.support.v4.view.accessibility.AccessibilityNodeInfoCompat getSource(java.lang.Object) -> getSource
    java.util.List getText(java.lang.Object) -> getText
    int getToIndex(java.lang.Object) -> getToIndex
    int getWindowId(java.lang.Object) -> getWindowId
    boolean isChecked(java.lang.Object) -> isChecked
    boolean isEnabled(java.lang.Object) -> isEnabled
    boolean isFullScreen(java.lang.Object) -> isFullScreen
android.support.v4.view.accessibility.AccessibilityRecordCompat$AccessibilityRecordIcsMr1Impl -> android.support.v4.view.accessibility.AccessibilityRecordCompat$AccessibilityRecordIcsMr1Impl:
    int getMaxScrollX(java.lang.Object) -> getMaxScrollX
    int getMaxScrollY(java.lang.Object) -> getMaxScrollY
    void setMaxScrollX(java.lang.Object,int) -> setMaxScrollX
    void setMaxScrollY(java.lang.Object,int) -> setMaxScrollY