MobileSafe660/proguard/usage.txt
com.project.mobilesafe660.BuildConfig
com.project.mobilesafe660.R
com.project.mobilesafe660.R$anim
com.project.mobilesafe660.R$attr
com.project.mobilesafe660.R$dimen
com.project.mobilesafe660.R$drawable
com.project.mobilesafe660.R$id
com.project.mobilesafe660.R$layout
com.project.mobilesafe660.R$menu
com.project.mobilesafe660.R$raw
com.project.mobilesafe660.R$string
com.project.mobilesafe660.R$style
com.project.mobilesafe660.R$styleable
com.project.mobilesafe660.R$xml
com.project.mobilesafe660.activity.AntiVirusActivity:
    private static final int STATE_UPDATE_STATUS
    private static final int STATE_SCAN_FINISH
com.project.mobilesafe660.activity.CleanCacheActivity:
    private static final int STATE_UPDATE_STATUS
    private static final int STATE_SCAN_FINISH
    private static final int STATE_FIND_CACHE
com.project.mobilesafe660.activity.SplashActivity:
    private static final int CODE_UPDATE_DIALOG
    private static final int CODE_ENTER_HOME
    private static final int CODE_URL_ERROR
    private static final int CODE_NETWORK_ERROR
    private static final int CODE_JSON_ERROR
com.project.mobilesafe660.db.dao.AddressDao:
    private static final java.lang.String PATH
    10:10:public AddressDao()
com.project.mobilesafe660.db.dao.AntiVirusDao:
    private static final java.lang.String PATH
    10:10:public AntiVirusDao()
com.project.mobilesafe660.db.dao.BlackNumberDao:
    59:64:public void update(java.lang.String,int)
    94:107:public java.util.ArrayList findAll()
com.project.mobilesafe660.db.dao.CommonNumberDao:
    private static final java.lang.String PATH
    12:12:public CommonNumberDao()
com.project.mobilesafe660.engine.AppInfoProvider:
    18:18:public AppInfoProvider()
com.project.mobilesafe660.engine.ProcessInfoProvider:
    24:24:public ProcessInfoProvider()
com.project.mobilesafe660.test.TestBlackNumber
com.project.mobilesafe660.utils.Md5Utils:
    9:9:public Md5Utils()
com.project.mobilesafe660.utils.PrefUtils:
    10:10:public PrefUtils()
com.project.mobilesafe660.utils.ServiceStatusUtils:
    13:13:public ServiceStatusUtils()
com.project.mobilesafe660.utils.SmsUtils:
    17:17:public SmsUtils()
com.project.mobilesafe660.utils.StreamUtils:
    11:11:public StreamUtils()
com.project.mobilesafe660.utils.ToastUtils:
    10:10:public ToastUtils()
com.project.mobilesafe660.view.FocusedTextView
com.project.mobilesafe660.view.SettingItemView:
    private static final java.lang.String NAMESPACE
...
com.android.internal.telephony.ITelephony$Stub:
    private static final java.lang.String DESCRIPTOR
    static final int TRANSACTION_dial
    static final int TRANSACTION_call
    static final int TRANSACTION_showCallScreen
    static final int TRANSACTION_showCallScreenWithDialpad
    static final int TRANSACTION_endCall
    static final int TRANSACTION_answerRingingCall
    static final int TRANSACTION_silenceRinger
    static final int TRANSACTION_isOffhook
    static final int TRANSACTION_isRinging
    static final int TRANSACTION_isIdle
    static final int TRANSACTION_isRadioOn
    static final int TRANSACTION_isSimPinEnabled
    static final int TRANSACTION_cancelMissedCallsNotification
    static final int TRANSACTION_supplyPin
    static final int TRANSACTION_handlePinMmi
    static final int TRANSACTION_toggleRadioOnOff
    static final int TRANSACTION_setRadio
    static final int TRANSACTION_updateServiceLocation
    static final int TRANSACTION_enableLocationUpdates
    static final int TRANSACTION_disableLocationUpdates
    static final int TRANSACTION_enableApnType
    static final int TRANSACTION_disableApnType
    static final int TRANSACTION_enableDataConnectivity
    static final int TRANSACTION_disableDataConnectivity
    static final int TRANSACTION_isDataConnectivityPossible
    static final int TRANSACTION_getCellLocation
    static final int TRANSACTION_getNeighboringCellInfo
    static final int TRANSACTION_getCallState
com.android.internal.telephony.ITelephony$Stub$Proxy:
    385:385:public java.lang.String getInterfaceDescriptor()